
[1mGSD-T Headless — execute[0m
[36m  ℹ[0m Prompt: /gsd-t-execute
[36m  ℹ[0m Timeout: 300s
[36m  ℹ[0m Log: /Users/david/projects/GSD-T/.gsd-t/headless-1776965144249.log


[1mGSD-T Headless — execute[0m
[36m  ℹ[0m Prompt: /gsd-t-execute
[36m  ℹ[0m Timeout: 300s
[36m  ℹ[0m Log: /Users/david/projects/GSD-T/.gsd-t/headless-1776965144373.log


[1mGSD-T Headless — execute[0m
[36m  ℹ[0m Prompt: /gsd-t-execute
[36m  ℹ[0m Timeout: 300s
[36m  ℹ[0m Log: /Users/david/projects/GSD-T/.gsd-t/headless-1776965144498.log


[1mGSD-T Headless — execute[0m
[36m  ℹ[0m Prompt: /gsd-t-execute
[36m  ℹ[0m Timeout: 300s
[36m  ℹ[0m Log: /Users/david/projects/GSD-T/.gsd-t/headless-1776965144653.log

API Error: Server is temporarily limiting requests (not your usage limit) · Rate limited

[33m  ⚠[0m Exit code: 3
API Error: Server is temporarily limiting requests (not your usage limit) · Rate limited

[33m  ⚠[0m Exit code: 3
API Error: Server is temporarily limiting requests (not your usage limit) · Rate limited

[33m  ⚠[0m Exit code: 3
API Error: Server is temporarily limiting requests (not your usage limit) · Rate limited

[33m  ⚠[0m Exit code: 3
