GSD-T Headless Log
Command: verify
Args: 
Timestamp: 2026-05-07T01:22:44.502Z
Duration: 729074ms
Exit Code: 0
---
## ✅ M52 Verified + Completed

**Verification PASS across all dimensions:**
- Unit: **2195/2195** | E2E: **35/35** + 1 placeholder skip preserved
- `gsd-t check-coverage`: exit 0 (`OK: 20 listeners, 12 specs`)
- Functional Test Quality: **zero shallow assertions** across 12 journey specs
- Goal-Backward: PASS (0 placeholder patterns)
- Red Team: GRUDGING PASS (5/5 patches caught)
- All 13 REQ-M52 rows now `done` (REQ-M52-D5-01 doc-ripple + REQ-M52-VERIFY closed in this pass)

**Doc-ripple remediation completed inline:**
- `docs/architecture.md` → new § "Journey Coverage Enforcement (M52)"
- `CHANGELOG.md` → full M52 entry (later moved to `[3.23.10]` heading by complete-milestone)

**Complete-milestone auto-invoked:**
- Version: 3.22.11 → **3.23.10** | Tag: **v3.23.10** | Commit: `64bf6c5`
- Archive: `.gsd-t/milestones/m52-rigorous-user-journey-coverage-2026-05-06/` (8 files)
- Status: `ACTIVE — M52 COMPLETED`
- Not pushed (left for user)
