
[1mGSD-T Headless — partition[0m
[36m  ℹ[0m Prompt: /gsd-t-partition
[36m  ℹ[0m Timeout: 1800s
[36m  ℹ[0m Log: /Users/david/projects/GSD-T/.gsd-t/headless-1778113374933.log

✅ M52 partition complete — 2 file-disjoint domains, 2 new contracts, 3 checkpoints.

**Files created**:
- `.gsd-t/domains/m52-d1-journey-coverage-tooling/{scope,constraints,tasks}.md`
- `.gsd-t/domains/m52-d2-journey-specs-and-fixtures/{scope,constraints,tasks}.md`
- `.gsd-t/contracts/journey-coverage-contract.md` (v0.1.0 PROPOSED → STABLE on D1 task-5)
- `.gsd-t/contracts/m52-integration-points.md` (3 checkpoints)

**Files updated**:
- `.gsd-t/progress.md` (Status PARTITIONED, M52 row populated, decision-log entry)

**Domain summary**:
- **D1** (5 tasks) — tooling: detector + CLI + hook + contract + `bin/gsd-t.js` wiring
- **D2** (5 tasks) — content: 12 journey specs + 3 NDJSON fixtures + Red Team category

**Disjointness**: only shared file is `bin/gsd-t.js` — D1 writes, D2 reads. Checkpoint 1 gates D2 from starting until D1's `gsd-t check-coverage` + STABLE contract land. Per Level 3 autonomy, auto-advancing to plan.

───────────────────────────────────────────────────────────────

## ▶ Next Up

**Plan** — Expand each domain's `tasks.md` from the 5-task skeleton into ordered, dependency-marked, model-tagged task lists with acceptance criteria.

`/gsd-t-plan`

**Also available:**
- `/gsd-t-discuss` — only if D2's "covered" semantics or fixture-capture approach needs deeper exploration (not recommended; partition resolved both)
- `/gsd-t-impact` — only if you want a cross-codebase blast-radius estimate before planning (D1 + D2 are scoped tight; likely unnecessary)

───────────────────────────────────────────────────────────────
