
[1mGSD-T Headless — execute[0m
[36m  ℹ[0m Prompt: /gsd-t-execute
[36m  ℹ[0m Timeout: 300s
[36m  ℹ[0m Log: /Users/david/projects/GSD-T/.gsd-t/headless-1776980781288.log


[1mGSD-T Headless — execute[0m
[36m  ℹ[0m Prompt: /gsd-t-execute
[36m  ℹ[0m Timeout: 300s
[36m  ℹ[0m Log: /Users/david/projects/GSD-T/.gsd-t/headless-1776980781402.log


[1mGSD-T Headless — execute[0m
[36m  ℹ[0m Prompt: /gsd-t-execute
[36m  ℹ[0m Timeout: 300s
[36m  ℹ[0m Log: /Users/david/projects/GSD-T/.gsd-t/headless-1776980781469.log


[1mGSD-T Headless — execute[0m
[36m  ℹ[0m Prompt: /gsd-t-execute
[36m  ℹ[0m Timeout: 300s
[36m  ℹ[0m Log: /Users/david/projects/GSD-T/.gsd-t/headless-1776980781573.log


[1mGSD-T Headless — execute[0m
[36m  ℹ[0m Prompt: /gsd-t-execute
[36m  ℹ[0m Timeout: 300s
[36m  ℹ[0m Log: /Users/david/projects/GSD-T/.gsd-t/headless-1776980781665.log


[1mGSD-T Headless — execute[0m
[36m  ℹ[0m Prompt: /gsd-t-execute
[36m  ℹ[0m Timeout: 300s
[36m  ℹ[0m Log: /Users/david/projects/GSD-T/.gsd-t/headless-1776980781764.log


[1mGSD-T Headless — execute[0m
[36m  ℹ[0m Prompt: /gsd-t-execute
[36m  ℹ[0m Timeout: 300s
[36m  ℹ[0m Log: /Users/david/projects/GSD-T/.gsd-t/headless-1776980781883.log


[1mGSD-T Headless — execute[0m
[36m  ℹ[0m Prompt: /gsd-t-execute
[36m  ℹ[0m Timeout: 300s
[36m  ℹ[0m Log: /Users/david/projects/GSD-T/.gsd-t/headless-1776980781996.log

API Error: Server is temporarily limiting requests (not your usage limit) · Rate limited

[33m  ⚠[0m Exit code: 3
API Error: Server is temporarily limiting requests (not your usage limit) · Rate limited

[33m  ⚠[0m Exit code: 3
API Error: Server is temporarily limiting requests (not your usage limit) · Rate limited

[33m  ⚠[0m Exit code: 3
API Error: Server is temporarily limiting requests (not your usage limit) · Rate limited

[33m  ⚠[0m Exit code: 3
API Error: Server is temporarily limiting requests (not your usage limit) · Rate limited

[33m  ⚠[0m Exit code: 3
API Error: Server is temporarily limiting requests (not your usage limit) · Rate limited

[33m  ⚠[0m Exit code: 3
API Error: Server is temporarily limiting requests (not your usage limit) · Rate limited

[33m  ⚠[0m Exit code: 3
API Error: Server is temporarily limiting requests (not your usage limit) · Rate limited

[33m  ⚠[0m Exit code: 3
