GSD-T Headless Log
Command: quick
Args: 
Timestamp: 2026-04-23T04:30:02.282Z
Duration: 46582ms
Exit Code: 0
---
The state is clear: M45 COMPLETE (v3.18.14), no active milestone in progress, no blockers. The command was `/gsd-t-quick` with no task argument.

Since there's no task description provided, I need to ask what quick task to run.

`/gsd-t-quick` needs a task description — what's the quick task? (bug fix, config tweak, small feature, etc.)

For context: M45 is COMPLETE and tagged **v3.18.14**. Working tree has uncommitted session artifacts (event logs, transcripts, headless session files) and modifications in:
- `.gsd-t/.unattended/run.log`, `state.json`
- `.gsd-t/metrics/compactions.jsonl`
- `.gsd-t/token-log.md`
- `bin/headless-auto-spawn.cjs`
- `commands/gsd-t-visualize.md`

If you want, I can:
1. **Run a specific quick task** — tell me what (e.g. `/gsd-t-quick fix X`)
2. **Triage the uncommitted changes** — review `bin/headless-auto-spawn.cjs` + `commands/gsd-t-visualize.md` modifications to decide if they're intentional and should be committed
3. **Start the next milestone** — `/gsd-t-milestone` for a new goal, or pull from backlog

What would you like?
